<?xml version="1.0" encoding="UTF-8"?>
<coverage generated="1768332456448" clover="3.2.0">
  <project timestamp="1768332456448" name="All files">
    <metrics statements="295" coveredstatements="249" conditionals="131" coveredconditionals="93" methods="44" coveredmethods="28" elements="470" coveredelements="370" complexity="0" loc="295" ncloc="295" packages="5" files="28" classes="28"/>
    <package name="constants">
      <metrics statements="28" coveredstatements="27" conditionals="12" coveredconditionals="10" methods="5" coveredmethods="5"/>
      <file name="backgroundMap.ts" path="/Users/rodericandrews/_PAI/projects/abby-client-api/src/constants/backgroundMap.ts">
        <metrics statements="9" coveredstatements="9" conditionals="0" coveredconditionals="0" methods="3" coveredmethods="3"/>
        <line num="8" count="1" type="stmt"/>
        <line num="10" count="1" type="stmt"/>
        <line num="16" count="1" type="stmt"/>
        <line num="17" count="1" type="stmt"/>
        <line num="18" count="1" type="stmt"/>
        <line num="24" count="19" type="stmt"/>
        <line num="29" count="1" type="stmt"/>
        <line num="34" count="1" type="stmt"/>
        <line num="35" count="19" type="stmt"/>
      </file>
      <file name="vibeShaderMap.ts" path="/Users/rodericandrews/_PAI/projects/abby-client-api/src/constants/vibeShaderMap.ts">
        <metrics statements="19" coveredstatements="18" conditionals="12" coveredconditionals="10" methods="2" coveredmethods="2"/>
        <line num="24" count="1" type="stmt"/>
        <line num="40" count="1" type="stmt"/>
        <line num="41" count="8" type="stmt"/>
        <line num="42" count="8" type="cond" truecount="3" falsecount="1"/>
        <line num="43" count="0" type="stmt"/>
        <line num="46" count="8" type="cond" truecount="2" falsecount="0"/>
        <line num="49" count="7" type="stmt"/>
        <line num="50" count="7" type="stmt"/>
        <line num="54" count="1" type="stmt"/>
        <line num="64" count="1" type="stmt"/>
        <line num="68" count="3" type="stmt"/>
        <line num="69" count="3" type="cond" truecount="3" falsecount="1"/>
        <line num="71" count="3" type="stmt"/>
        <line num="72" count="3" type="cond" truecount="2" falsecount="0"/>
        <line num="74" count="1" type="stmt"/>
        <line num="78" count="2" type="stmt"/>
        <line num="79" count="2" type="stmt"/>
        <line num="85" count="1" type="stmt"/>
        <line num="94" count="1" type="stmt"/>
      </file>
    </package>
    <package name="shaders">
      <metrics statements="22" coveredstatements="22" conditionals="10" coveredconditionals="7" methods="1" coveredmethods="1"/>
      <file name="morphWrapper.ts" path="/Users/rodericandrews/_PAI/projects/abby-client-api/src/shaders/morphWrapper.ts">
        <metrics statements="22" coveredstatements="22" conditionals="10" coveredconditionals="7" methods="1" coveredmethods="1"/>
        <line num="15" count="1" type="stmt"/>
        <line num="89" count="1" type="stmt"/>
        <line num="100" count="1" type="stmt"/>
        <line num="106" count="3" type="stmt"/>
        <line num="107" count="3" type="stmt"/>
        <line num="109" count="3" type="cond" truecount="4" falsecount="0"/>
        <line num="110" count="1" type="cond" truecount="2" falsecount="2"/>
        <line num="111" count="1" type="stmt"/>
        <line num="116" count="2" type="stmt"/>
        <line num="117" count="2" type="stmt"/>
        <line num="118" count="2" type="cond" truecount="1" falsecount="1"/>
        <line num="120" count="2" type="stmt"/>
        <line num="123" count="2" type="stmt"/>
        <line num="124" count="2" type="stmt"/>
        <line num="128" count="2" type="stmt"/>
        <line num="138" count="2" type="stmt"/>
        <line num="141" count="2" type="stmt"/>
        <line num="149" count="2" type="stmt"/>
        <line num="157" count="2" type="stmt"/>
        <line num="164" count="2" type="stmt"/>
        <line num="170" count="1" type="stmt"/>
        <line num="175" count="1" type="stmt"/>
      </file>
    </package>
    <package name="shaders.factory">
      <metrics statements="111" coveredstatements="102" conditionals="23" coveredconditionals="16" methods="22" coveredmethods="12"/>
      <file name="index.ts" path="/Users/rodericandrews/_PAI/projects/abby-client-api/src/shaders/factory/index.ts">
        <metrics statements="48" coveredstatements="46" conditionals="11" coveredconditionals="9" methods="10" coveredmethods="7"/>
        <line num="20" count="3" type="stmt"/>
        <line num="21" count="3" type="stmt"/>
        <line num="24" count="3" type="stmt"/>
        <line num="25" count="3" type="stmt"/>
        <line num="26" count="3" type="stmt"/>
        <line num="27" count="3" type="stmt"/>
        <line num="28" count="3" type="stmt"/>
        <line num="29" count="3" type="stmt"/>
        <line num="30" count="3" type="stmt"/>
        <line num="31" count="3" type="stmt"/>
        <line num="32" count="3" type="stmt"/>
        <line num="33" count="3" type="stmt"/>
        <line num="34" count="3" type="stmt"/>
        <line num="35" count="3" type="stmt"/>
        <line num="36" count="3" type="stmt"/>
        <line num="37" count="3" type="stmt"/>
        <line num="38" count="3" type="stmt"/>
        <line num="39" count="3" type="stmt"/>
        <line num="40" count="3" type="stmt"/>
        <line num="41" count="3" type="stmt"/>
        <line num="42" count="3" type="stmt"/>
        <line num="48" count="3" type="stmt"/>
        <line num="72" count="99" type="stmt"/>
        <line num="77" count="67" type="stmt"/>
        <line num="78" count="99" type="stmt"/>
        <line num="84" count="67" type="stmt"/>
        <line num="90" count="67" type="cond" truecount="2" falsecount="0"/>
        <line num="91" count="8" type="stmt"/>
        <line num="98" count="67" type="stmt"/>
        <line num="103" count="67" type="stmt"/>
        <line num="104" count="67" type="stmt"/>
        <line num="119" count="67" type="cond" truecount="1" falsecount="1"/>
        <line num="121" count="67" type="stmt"/>
        <line num="147" count="3" type="stmt"/>
        <line num="148" count="67" type="stmt"/>
        <line num="149" count="67" type="cond" truecount="1" falsecount="1"/>
        <line num="150" count="0" type="stmt"/>
        <line num="154" count="67" type="stmt"/>
        <line num="155" count="67" type="stmt"/>
        <line num="156" count="67" type="stmt"/>
        <line num="157" count="67" type="stmt"/>
        <line num="158" count="67" type="stmt"/>
        <line num="162" count="67" type="cond" truecount="2" falsecount="0"/>
        <line num="165" count="67" type="stmt"/>
        <line num="185" count="67" type="stmt"/>
        <line num="191" count="3" type="stmt"/>
        <line num="192" count="0" type="stmt"/>
        <line num="197" count="3" type="stmt"/>
      </file>
      <file name="noise.ts" path="/Users/rodericandrews/_PAI/projects/abby-client-api/src/shaders/factory/noise.ts">
        <metrics statements="11" coveredstatements="10" conditionals="4" coveredconditionals="3" methods="1" coveredmethods="1"/>
        <line num="12" count="3" type="stmt"/>
        <line num="71" count="3" type="stmt"/>
        <line num="97" count="3" type="stmt"/>
        <line num="124" count="3" type="stmt"/>
        <line num="148" count="3" type="stmt"/>
        <line num="174" count="3" type="stmt"/>
        <line num="175" count="67" type="cond" truecount="3" falsecount="1"/>
        <line num="177" count="43" type="stmt"/>
        <line num="179" count="15" type="stmt"/>
        <line num="181" count="9" type="stmt"/>
        <line num="183" count="0" type="stmt"/>
      </file>
      <file name="presets.ts" path="/Users/rodericandrews/_PAI/projects/abby-client-api/src/shaders/factory/presets.ts">
        <metrics statements="21" coveredstatements="21" conditionals="0" coveredconditionals="0" methods="0" coveredmethods="0"/>
        <line num="10" count="3" type="stmt"/>
        <line num="27" count="3" type="stmt"/>
        <line num="40" count="3" type="stmt"/>
        <line num="60" count="3" type="stmt"/>
        <line num="80" count="3" type="stmt"/>
        <line num="99" count="3" type="stmt"/>
        <line num="119" count="3" type="stmt"/>
        <line num="139" count="3" type="stmt"/>
        <line num="159" count="3" type="stmt"/>
        <line num="171" count="3" type="stmt"/>
        <line num="183" count="3" type="stmt"/>
        <line num="195" count="3" type="stmt"/>
        <line num="207" count="3" type="stmt"/>
        <line num="219" count="3" type="stmt"/>
        <line num="231" count="3" type="stmt"/>
        <line num="243" count="3" type="stmt"/>
        <line num="255" count="3" type="stmt"/>
        <line num="267" count="3" type="stmt"/>
        <line num="279" count="3" type="stmt"/>
        <line num="291" count="3" type="stmt"/>
        <line num="314" count="3" type="stmt"/>
      </file>
      <file name="registryV2.ts" path="/Users/rodericandrews/_PAI/projects/abby-client-api/src/shaders/factory/registryV2.ts">
        <metrics statements="29" coveredstatements="23" conditionals="8" coveredconditionals="4" methods="11" coveredmethods="4"/>
        <line num="23" count="3" type="stmt"/>
        <line num="24" count="3" type="stmt"/>
        <line num="42" count="3" type="stmt"/>
        <line num="48" count="57" type="cond" truecount="1" falsecount="1"/>
        <line num="49" count="0" type="stmt"/>
        <line num="52" count="57" type="stmt"/>
        <line num="53" count="57" type="cond" truecount="1" falsecount="1"/>
        <line num="55" count="0" type="stmt"/>
        <line num="58" count="57" type="stmt"/>
        <line num="59" count="57" type="stmt"/>
        <line num="60" count="57" type="stmt"/>
        <line num="67" count="57" type="stmt"/>
        <line num="81" count="3" type="stmt"/>
        <line num="108" count="3" type="stmt"/>
        <line num="109" count="9" type="stmt"/>
        <line num="110" count="9" type="cond" truecount="2" falsecount="0"/>
        <line num="118" count="3" type="stmt"/>
        <line num="119" count="0" type="stmt"/>
        <line num="120" count="0" type="cond" truecount="0" falsecount="2"/>
        <line num="126" count="3" type="stmt"/>
        <line num="127" count="7" type="stmt"/>
        <line num="134" count="3" type="stmt"/>
        <line num="160" count="3" type="stmt"/>
        <line num="161" count="0" type="stmt"/>
        <line num="175" count="3" type="stmt"/>
        <line num="176" count="0" type="stmt"/>
        <line num="179" count="3" type="stmt"/>
        <line num="182" count="3" type="stmt"/>
        <line num="183" count="3" type="stmt"/>
      </file>
      <file name="types.ts" path="/Users/rodericandrews/_PAI/projects/abby-client-api/src/shaders/factory/types.ts">
        <metrics statements="2" coveredstatements="2" conditionals="0" coveredconditionals="0" methods="0" coveredmethods="0"/>
        <line num="118" count="3" type="stmt"/>
        <line num="126" count="3" type="stmt"/>
      </file>
    </package>
    <package name="shaders.factory.effects">
      <metrics statements="19" coveredstatements="19" conditionals="0" coveredconditionals="0" methods="0" coveredmethods="0"/>
      <file name="auroraCurtains.ts" path="/Users/rodericandrews/_PAI/projects/abby-client-api/src/shaders/factory/effects/auroraCurtains.ts">
        <metrics statements="1" coveredstatements="1" conditionals="0" coveredconditionals="0" methods="0" coveredmethods="0"/>
        <line num="7" count="3" type="stmt"/>
      </file>
      <file name="auroraSpirals.ts" path="/Users/rodericandrews/_PAI/projects/abby-client-api/src/shaders/factory/effects/auroraSpirals.ts">
        <metrics statements="1" coveredstatements="1" conditionals="0" coveredconditionals="0" methods="0" coveredmethods="0"/>
        <line num="9" count="3" type="stmt"/>
      </file>
      <file name="breathingNebula.ts" path="/Users/rodericandrews/_PAI/projects/abby-client-api/src/shaders/factory/effects/breathingNebula.ts">
        <metrics statements="1" coveredstatements="1" conditionals="0" coveredconditionals="0" methods="0" coveredmethods="0"/>
        <line num="7" count="3" type="stmt"/>
      </file>
      <file name="cellular.ts" path="/Users/rodericandrews/_PAI/projects/abby-client-api/src/shaders/factory/effects/cellular.ts">
        <metrics statements="1" coveredstatements="1" conditionals="0" coveredconditionals="0" methods="0" coveredmethods="0"/>
        <line num="9" count="3" type="stmt"/>
      </file>
      <file name="cellularMembrane.ts" path="/Users/rodericandrews/_PAI/projects/abby-client-api/src/shaders/factory/effects/cellularMembrane.ts">
        <metrics statements="1" coveredstatements="1" conditionals="0" coveredconditionals="0" methods="0" coveredmethods="0"/>
        <line num="7" count="3" type="stmt"/>
      </file>
      <file name="chromaticBloom.ts" path="/Users/rodericandrews/_PAI/projects/abby-client-api/src/shaders/factory/effects/chromaticBloom.ts">
        <metrics statements="1" coveredstatements="1" conditionals="0" coveredconditionals="0" methods="0" coveredmethods="0"/>
        <line num="9" count="3" type="stmt"/>
      </file>
      <file name="crystalline.ts" path="/Users/rodericandrews/_PAI/projects/abby-client-api/src/shaders/factory/effects/crystalline.ts">
        <metrics statements="1" coveredstatements="1" conditionals="0" coveredconditionals="0" methods="0" coveredmethods="0"/>
        <line num="7" count="3" type="stmt"/>
      </file>
      <file name="domainWarp.ts" path="/Users/rodericandrews/_PAI/projects/abby-client-api/src/shaders/factory/effects/domainWarp.ts">
        <metrics statements="1" coveredstatements="1" conditionals="0" coveredconditionals="0" methods="0" coveredmethods="0"/>
        <line num="9" count="3" type="stmt"/>
      </file>
      <file name="domainWarpTiedye.ts" path="/Users/rodericandrews/_PAI/projects/abby-client-api/src/shaders/factory/effects/domainWarpTiedye.ts">
        <metrics statements="1" coveredstatements="1" conditionals="0" coveredconditionals="0" methods="0" coveredmethods="0"/>
        <line num="9" count="3" type="stmt"/>
      </file>
      <file name="flowingStreams.ts" path="/Users/rodericandrews/_PAI/projects/abby-client-api/src/shaders/factory/effects/flowingStreams.ts">
        <metrics statements="1" coveredstatements="1" conditionals="0" coveredconditionals="0" methods="0" coveredmethods="0"/>
        <line num="9" count="3" type="stmt"/>
      </file>
      <file name="inkBloom.ts" path="/Users/rodericandrews/_PAI/projects/abby-client-api/src/shaders/factory/effects/inkBloom.ts">
        <metrics statements="1" coveredstatements="1" conditionals="0" coveredconditionals="0" methods="0" coveredmethods="0"/>
        <line num="7" count="3" type="stmt"/>
      </file>
      <file name="kaleidoscope.ts" path="/Users/rodericandrews/_PAI/projects/abby-client-api/src/shaders/factory/effects/kaleidoscope.ts">
        <metrics statements="1" coveredstatements="1" conditionals="0" coveredconditionals="0" methods="0" coveredmethods="0"/>
        <line num="9" count="3" type="stmt"/>
      </file>
      <file name="layeredOrbs.ts" path="/Users/rodericandrews/_PAI/projects/abby-client-api/src/shaders/factory/effects/layeredOrbs.ts">
        <metrics statements="1" coveredstatements="1" conditionals="0" coveredconditionals="0" methods="0" coveredmethods="0"/>
        <line num="7" count="3" type="stmt"/>
      </file>
      <file name="liquidMarble.ts" path="/Users/rodericandrews/_PAI/projects/abby-client-api/src/shaders/factory/effects/liquidMarble.ts">
        <metrics statements="1" coveredstatements="1" conditionals="0" coveredconditionals="0" methods="0" coveredmethods="0"/>
        <line num="9" count="3" type="stmt"/>
      </file>
      <file name="magneticField.ts" path="/Users/rodericandrews/_PAI/projects/abby-client-api/src/shaders/factory/effects/magneticField.ts">
        <metrics statements="1" coveredstatements="1" conditionals="0" coveredconditionals="0" methods="0" coveredmethods="0"/>
        <line num="7" count="3" type="stmt"/>
      </file>
      <file name="metaballs.ts" path="/Users/rodericandrews/_PAI/projects/abby-client-api/src/shaders/factory/effects/metaballs.ts">
        <metrics statements="1" coveredstatements="1" conditionals="0" coveredconditionals="0" methods="0" coveredmethods="0"/>
        <line num="7" count="3" type="stmt"/>
      </file>
      <file name="multiSwirl.ts" path="/Users/rodericandrews/_PAI/projects/abby-client-api/src/shaders/factory/effects/multiSwirl.ts">
        <metrics statements="1" coveredstatements="1" conditionals="0" coveredconditionals="0" methods="0" coveredmethods="0"/>
        <line num="9" count="3" type="stmt"/>
      </file>
      <file name="radialFlow.ts" path="/Users/rodericandrews/_PAI/projects/abby-client-api/src/shaders/factory/effects/radialFlow.ts">
        <metrics statements="1" coveredstatements="1" conditionals="0" coveredconditionals="0" methods="0" coveredmethods="0"/>
        <line num="7" count="3" type="stmt"/>
      </file>
      <file name="stippled.ts" path="/Users/rodericandrews/_PAI/projects/abby-client-api/src/shaders/factory/effects/stippled.ts">
        <metrics statements="1" coveredstatements="1" conditionals="0" coveredconditionals="0" methods="0" coveredmethods="0"/>
        <line num="7" count="3" type="stmt"/>
      </file>
    </package>
    <package name="utils">
      <metrics statements="115" coveredstatements="79" conditionals="86" coveredconditionals="60" methods="16" coveredmethods="10"/>
      <file name="validation.ts" path="/Users/rodericandrews/_PAI/projects/abby-client-api/src/utils/validation.ts">
        <metrics statements="115" coveredstatements="79" conditionals="86" coveredconditionals="60" methods="16" coveredmethods="10"/>
        <line num="23" count="2" type="stmt"/>
        <line num="24" count="22" type="cond" truecount="4" falsecount="0"/>
        <line num="26" count="16" type="stmt"/>
        <line num="37" count="2" type="stmt"/>
        <line num="38" count="10" type="cond" truecount="4" falsecount="0"/>
        <line num="39" count="6" type="stmt"/>
        <line num="45" count="2" type="stmt"/>
        <line num="46" count="13" type="cond" truecount="4" falsecount="0"/>
        <line num="47" count="12" type="stmt"/>
        <line num="57" count="2" type="stmt"/>
        <line num="58" count="9" type="cond" truecount="4" falsecount="0"/>
        <line num="59" count="7" type="stmt"/>
        <line num="60" count="7" type="cond" truecount="2" falsecount="0"/>
        <line num="72" count="2" type="stmt"/>
        <line num="74" count="2" type="stmt"/>
        <line num="75" count="18" type="stmt"/>
        <line num="77" count="18" type="cond" truecount="2" falsecount="0"/>
        <line num="78" count="2" type="stmt"/>
        <line num="81" count="16" type="cond" truecount="2" falsecount="0"/>
        <line num="82" count="7" type="stmt"/>
        <line num="85" count="9" type="cond" truecount="2" falsecount="0"/>
        <line num="86" count="1" type="stmt"/>
        <line num="89" count="8" type="stmt"/>
        <line num="104" count="2" type="stmt"/>
        <line num="105" count="18" type="cond" truecount="2" falsecount="0"/>
        <line num="106" count="2" type="stmt"/>
        <line num="109" count="16" type="cond" truecount="2" falsecount="0"/>
        <line num="110" count="2" type="stmt"/>
        <line num="113" count="14" type="cond" truecount="2" falsecount="0"/>
        <line num="114" count="3" type="stmt"/>
        <line num="117" count="11" type="cond" truecount="2" falsecount="0"/>
        <line num="118" count="2" type="stmt"/>
        <line num="121" count="9" type="cond" truecount="2" falsecount="0"/>
        <line num="122" count="2" type="stmt"/>
        <line num="125" count="7" type="cond" truecount="2" falsecount="0"/>
        <line num="126" count="2" type="stmt"/>
        <line num="129" count="5" type="stmt"/>
        <line num="135" count="2" type="stmt"/>
        <line num="139" count="3" type="cond" truecount="2" falsecount="0"/>
        <line num="140" count="1" type="stmt"/>
        <line num="143" count="2" type="cond" truecount="2" falsecount="0"/>
        <line num="144" count="1" type="stmt"/>
        <line num="147" count="1" type="stmt"/>
        <line num="154" count="2" type="cond" truecount="1" falsecount="0"/>
        <line num="155" count="16" type="stmt"/>
        <line num="157" count="16" type="cond" truecount="2" falsecount="0"/>
        <line num="158" count="3" type="stmt"/>
        <line num="161" count="13" type="cond" truecount="2" falsecount="0"/>
        <line num="162" count="2" type="stmt"/>
        <line num="165" count="11" type="cond" truecount="1" falsecount="1"/>
        <line num="166" count="0" type="stmt"/>
        <line num="170" count="11" type="cond" truecount="2" falsecount="0"/>
        <line num="171" count="4" type="stmt"/>
        <line num="174" count="7" type="stmt"/>
        <line num="181" count="2" type="stmt"/>
        <line num="182" count="14" type="stmt"/>
        <line num="184" count="14" type="cond" truecount="2" falsecount="0"/>
        <line num="185" count="2" type="stmt"/>
        <line num="188" count="12" type="cond" truecount="2" falsecount="0"/>
        <line num="189" count="7" type="stmt"/>
        <line num="192" count="5" type="stmt"/>
        <line num="199" count="2" type="cond" truecount="0" falsecount="1"/>
        <line num="200" count="0" type="stmt"/>
        <line num="202" count="0" type="cond" truecount="0" falsecount="2"/>
        <line num="203" count="0" type="stmt"/>
        <line num="206" count="0" type="stmt"/>
        <line num="213" count="2" type="stmt"/>
        <line num="214" count="15" type="cond" truecount="2" falsecount="0"/>
        <line num="216" count="15" type="cond" truecount="2" falsecount="0"/>
        <line num="217" count="2" type="stmt"/>
        <line num="220" count="13" type="cond" truecount="2" falsecount="0"/>
        <line num="221" count="2" type="stmt"/>
        <line num="224" count="11" type="cond" truecount="2" falsecount="0"/>
        <line num="225" count="2" type="stmt"/>
        <line num="228" count="9" type="stmt"/>
        <line num="235" count="2" type="stmt"/>
        <line num="237" count="2" type="stmt"/>
        <line num="238" count="0" type="cond" truecount="0" falsecount="2"/>
        <line num="239" count="0" type="stmt"/>
        <line num="242" count="0" type="cond" truecount="0" falsecount="2"/>
        <line num="243" count="0" type="stmt"/>
        <line num="246" count="0" type="stmt"/>
        <line num="253" count="2" type="stmt"/>
        <line num="262" count="2" type="stmt"/>
        <line num="263" count="0" type="cond" truecount="0" falsecount="2"/>
        <line num="264" count="0" type="stmt"/>
        <line num="267" count="0" type="cond" truecount="0" falsecount="2"/>
        <line num="268" count="0" type="stmt"/>
        <line num="271" count="0" type="stmt"/>
        <line num="278" count="2" type="stmt"/>
        <line num="279" count="0" type="stmt"/>
        <line num="281" count="0" type="cond" truecount="0" falsecount="2"/>
        <line num="282" count="0" type="stmt"/>
        <line num="285" count="0" type="cond" truecount="0" falsecount="2"/>
        <line num="286" count="0" type="stmt"/>
        <line num="289" count="0" type="cond" truecount="0" falsecount="2"/>
        <line num="290" count="0" type="stmt"/>
        <line num="293" count="0" type="stmt"/>
        <line num="300" count="2" type="stmt"/>
        <line num="301" count="0" type="stmt"/>
        <line num="303" count="0" type="cond" truecount="0" falsecount="2"/>
        <line num="304" count="0" type="stmt"/>
        <line num="307" count="0" type="cond" truecount="0" falsecount="2"/>
        <line num="308" count="0" type="stmt"/>
        <line num="311" count="0" type="cond" truecount="0" falsecount="2"/>
        <line num="312" count="0" type="stmt"/>
        <line num="315" count="0" type="stmt"/>
        <line num="326" count="2" type="stmt"/>
        <line num="330" count="0" type="stmt"/>
        <line num="331" count="0" type="stmt"/>
        <line num="332" count="0" type="cond" truecount="0" falsecount="2"/>
        <line num="333" count="0" type="stmt"/>
        <line num="337" count="0" type="stmt"/>
        <line num="344" count="2" type="stmt"/>
        <line num="365" count="2" type="stmt"/>
      </file>
    </package>
  </project>
</coverage>
