{"/Users/rodericandrews/_PAI/projects/abby-client-api/src/shaders/morphWrapper.ts": {"path":"/Users/rodericandrews/_PAI/projects/abby-client-api/src/shaders/morphWrapper.ts","statementMap":{"0":{"start":{"line":100,"column":0},"end":{"line":100,"column":16}},"1":{"start":{"line":15,"column":30},"end":{"line":86,"column":2}},"2":{"start":{"line":89,"column":23},"end":{"line":92,"column":2}},"3":{"start":{"line":106,"column":24},"end":{"line":106,"column":72}},"4":{"start":{"line":107,"column":16},"end":{"line":107,"column":49}},"5":{"start":{"line":109,"column":2},"end":{"line":112,"column":3}},"6":{"start":{"line":110,"column":4},"end":{"line":110,"column":123}},"7":{"start":{"line":110,"column":51},"end":{"line":110,"column":123}},"8":{"start":{"line":111,"column":4},"end":{"line":111,"column":24}},"9":{"start":{"line":116,"column":25},"end":{"line":116,"column":66}},"10":{"start":{"line":117,"column":20},"end":{"line":117,"column":54}},"11":{"start":{"line":118,"column":21},"end":{"line":118,"column":52}},"12":{"start":{"line":120,"column":25},"end":{"line":120,"column":36}},"13":{"start":{"line":123,"column":26},"end":{"line":123,"column":63}},"14":{"start":{"line":124,"column":24},"end":{"line":124,"column":58}},"15":{"start":{"line":128,"column":25},"end":{"line":131,"column":17}},"16":{"start":{"line":138,"column":20},"end":{"line":138,"column":34}},"17":{"start":{"line":141,"column":2},"end":{"line":146,"column":4}},"18":{"start":{"line":149,"column":2},"end":{"line":154,"column":4}},"19":{"start":{"line":157,"column":2},"end":{"line":162,"column":4}},"20":{"start":{"line":164,"column":2},"end":{"line":164,"column":21}},"21":{"start":{"line":170,"column":13},"end":{"line":173,"column":2}},"22":{"start":{"line":175,"column":0},"end":{"line":175,"column":29}}},"fnMap":{"0":{"name":"wrapWithMorph","decl":{"start":{"line":100,"column":16},"end":{"line":100,"column":29}},"loc":{"start":{"line":100,"column":50},"end":{"line":165,"column":1}}}},"branchMap":{"0":{"loc":{"start":{"line":109,"column":2},"end":{"line":112,"column":3}},"type":"if","locations":[{"start":{"line":109,"column":2},"end":{"line":112,"column":3}},{"start":{},"end":{}}]},"1":{"loc":{"start":{"line":109,"column":6},"end":{"line":109,"column":41}},"type":"binary-expr","locations":[{"start":{"line":109,"column":6},"end":{"line":109,"column":12}},{"start":{"line":109,"column":16},"end":{"line":109,"column":41}}]},"2":{"loc":{"start":{"line":110,"column":4},"end":{"line":110,"column":123}},"type":"if","locations":[{"start":{"line":110,"column":4},"end":{"line":110,"column":123}},{"start":{},"end":{}}]},"3":{"loc":{"start":{"line":110,"column":8},"end":{"line":110,"column":49}},"type":"binary-expr","locations":[{"start":{"line":110,"column":8},"end":{"line":110,"column":38}},{"start":{"line":110,"column":42},"end":{"line":110,"column":49}}]},"4":{"loc":{"start":{"line":118,"column":21},"end":{"line":118,"column":52}},"type":"cond-expr","locations":[{"start":{"line":118,"column":33},"end":{"line":118,"column":45}},{"start":{"line":118,"column":48},"end":{"line":118,"column":52}}]}},"s":{"0":1,"1":1,"2":1,"3":3,"4":3,"5":3,"6":1,"7":0,"8":1,"9":2,"10":2,"11":2,"12":2,"13":2,"14":2,"15":2,"16":2,"17":2,"18":2,"19":2,"20":2,"21":1,"22":1},"f":{"0":3},"b":{"0":[1,2],"1":[3,2],"2":[0,1],"3":[1,0],"4":[2,0]}}
,"/Users/rodericandrews/_PAI/projects/abby-client-api/src/utils/validation.ts": {"path":"/Users/rodericandrews/_PAI/projects/abby-client-api/src/utils/validation.ts","statementMap":{"0":{"start":{"line":23,"column":0},"end":{"line":23,"column":16}},"1":{"start":{"line":37,"column":0},"end":{"line":37,"column":16}},"2":{"start":{"line":45,"column":0},"end":{"line":45,"column":16}},"3":{"start":{"line":57,"column":0},"end":{"line":57,"column":16}},"4":{"start":{"line":74,"column":0},"end":{"line":74,"column":16}},"5":{"start":{"line":104,"column":0},"end":{"line":104,"column":16}},"6":{"start":{"line":135,"column":0},"end":{"line":135,"column":16}},"7":{"start":{"line":154,"column":0},"end":{"line":154,"column":16}},"8":{"start":{"line":181,"column":0},"end":{"line":181,"column":16}},"9":{"start":{"line":199,"column":0},"end":{"line":199,"column":16}},"10":{"start":{"line":213,"column":0},"end":{"line":213,"column":16}},"11":{"start":{"line":237,"column":0},"end":{"line":237,"column":16}},"12":{"start":{"line":262,"column":0},"end":{"line":262,"column":16}},"13":{"start":{"line":278,"column":0},"end":{"line":278,"column":16}},"14":{"start":{"line":300,"column":0},"end":{"line":300,"column":16}},"15":{"start":{"line":326,"column":0},"end":{"line":326,"column":16}},"16":{"start":{"line":24,"column":2},"end":{"line":24,"column":53}},"17":{"start":{"line":24,"column":43},"end":{"line":24,"column":53}},"18":{"start":{"line":26,"column":2},"end":{"line":31,"column":12}},"19":{"start":{"line":38,"column":2},"end":{"line":38,"column":53}},"20":{"start":{"line":38,"column":43},"end":{"line":38,"column":53}},"21":{"start":{"line":39,"column":2},"end":{"line":39,"column":50}},"22":{"start":{"line":46,"column":2},"end":{"line":46,"column":51}},"23":{"start":{"line":46,"column":41},"end":{"line":46,"column":51}},"24":{"start":{"line":47,"column":2},"end":{"line":51,"column":19}},"25":{"start":{"line":58,"column":2},"end":{"line":58,"column":53}},"26":{"start":{"line":58,"column":43},"end":{"line":58,"column":53}},"27":{"start":{"line":59,"column":17},"end":{"line":59,"column":41}},"28":{"start":{"line":60,"column":2},"end":{"line":60,"column":57}},"29":{"start":{"line":72,"column":20},"end":{"line":72,"column":48}},"30":{"start":{"line":75,"column":18},"end":{"line":75,"column":30}},"31":{"start":{"line":77,"column":2},"end":{"line":79,"column":3}},"32":{"start":{"line":78,"column":4},"end":{"line":78,"column":56}},"33":{"start":{"line":81,"column":2},"end":{"line":83,"column":3}},"34":{"start":{"line":82,"column":4},"end":{"line":82,"column":73}},"35":{"start":{"line":85,"column":2},"end":{"line":87,"column":3}},"36":{"start":{"line":86,"column":4},"end":{"line":86,"column":56}},"37":{"start":{"line":89,"column":2},"end":{"line":89,"column":25}},"38":{"start":{"line":105,"column":2},"end":{"line":107,"column":3}},"39":{"start":{"line":106,"column":4},"end":{"line":106,"column":59}},"40":{"start":{"line":109,"column":2},"end":{"line":111,"column":3}},"41":{"start":{"line":110,"column":4},"end":{"line":110,"column":77}},"42":{"start":{"line":113,"column":2},"end":{"line":115,"column":3}},"43":{"start":{"line":114,"column":4},"end":{"line":114,"column":80}},"44":{"start":{"line":117,"column":2},"end":{"line":119,"column":3}},"45":{"start":{"line":118,"column":4},"end":{"line":118,"column":79}},"46":{"start":{"line":121,"column":2},"end":{"line":123,"column":3}},"47":{"start":{"line":122,"column":4},"end":{"line":122,"column":69}},"48":{"start":{"line":125,"column":2},"end":{"line":127,"column":3}},"49":{"start":{"line":126,"column":4},"end":{"line":126,"column":80}},"50":{"start":{"line":129,"column":2},"end":{"line":129,"column":25}},"51":{"start":{"line":139,"column":2},"end":{"line":141,"column":3}},"52":{"start":{"line":140,"column":4},"end":{"line":140,"column":67}},"53":{"start":{"line":143,"column":2},"end":{"line":145,"column":3}},"54":{"start":{"line":144,"column":4},"end":{"line":144,"column":61}},"55":{"start":{"line":147,"column":2},"end":{"line":147,"column":25}},"56":{"start":{"line":155,"column":18},"end":{"line":155,"column":29}},"57":{"start":{"line":157,"column":2},"end":{"line":159,"column":3}},"58":{"start":{"line":158,"column":4},"end":{"line":158,"column":63}},"59":{"start":{"line":161,"column":2},"end":{"line":163,"column":3}},"60":{"start":{"line":162,"column":4},"end":{"line":162,"column":81}},"61":{"start":{"line":165,"column":2},"end":{"line":167,"column":3}},"62":{"start":{"line":166,"column":4},"end":{"line":166,"column":63}},"63":{"start":{"line":170,"column":2},"end":{"line":172,"column":3}},"64":{"start":{"line":171,"column":4},"end":{"line":171,"column":79}},"65":{"start":{"line":174,"column":2},"end":{"line":174,"column":25}},"66":{"start":{"line":182,"column":18},"end":{"line":182,"column":29}},"67":{"start":{"line":184,"column":2},"end":{"line":186,"column":3}},"68":{"start":{"line":185,"column":4},"end":{"line":185,"column":68}},"69":{"start":{"line":188,"column":2},"end":{"line":190,"column":3}},"70":{"start":{"line":189,"column":4},"end":{"line":189,"column":60}},"71":{"start":{"line":192,"column":2},"end":{"line":192,"column":25}},"72":{"start":{"line":200,"column":18},"end":{"line":200,"column":30}},"73":{"start":{"line":202,"column":2},"end":{"line":204,"column":3}},"74":{"start":{"line":203,"column":4},"end":{"line":203,"column":63}},"75":{"start":{"line":206,"column":2},"end":{"line":206,"column":25}},"76":{"start":{"line":214,"column":17},"end":{"line":214,"column":66}},"77":{"start":{"line":216,"column":2},"end":{"line":218,"column":3}},"78":{"start":{"line":217,"column":4},"end":{"line":217,"column":63}},"79":{"start":{"line":220,"column":2},"end":{"line":222,"column":3}},"80":{"start":{"line":221,"column":4},"end":{"line":221,"column":72}},"81":{"start":{"line":224,"column":2},"end":{"line":226,"column":3}},"82":{"start":{"line":225,"column":4},"end":{"line":225,"column":63}},"83":{"start":{"line":228,"column":2},"end":{"line":228,"column":25}},"84":{"start":{"line":235,"column":22},"end":{"line":235,"column":63}},"85":{"start":{"line":238,"column":2},"end":{"line":240,"column":3}},"86":{"start":{"line":239,"column":4},"end":{"line":239,"column":64}},"87":{"start":{"line":242,"column":2},"end":{"line":244,"column":3}},"88":{"start":{"line":243,"column":4},"end":{"line":243,"column":63}},"89":{"start":{"line":246,"column":2},"end":{"line":246,"column":25}},"90":{"start":{"line":253,"column":36},"end":{"line":260,"column":2}},"91":{"start":{"line":263,"column":2},"end":{"line":265,"column":3}},"92":{"start":{"line":264,"column":4},"end":{"line":264,"column":77}},"93":{"start":{"line":267,"column":2},"end":{"line":269,"column":3}},"94":{"start":{"line":268,"column":4},"end":{"line":268,"column":66}},"95":{"start":{"line":271,"column":2},"end":{"line":271,"column":25}},"96":{"start":{"line":279,"column":18},"end":{"line":279,"column":33}},"97":{"start":{"line":281,"column":2},"end":{"line":283,"column":3}},"98":{"start":{"line":282,"column":4},"end":{"line":282,"column":59}},"99":{"start":{"line":285,"column":2},"end":{"line":287,"column":3}},"100":{"start":{"line":286,"column":4},"end":{"line":286,"column":77}},"101":{"start":{"line":289,"column":2},"end":{"line":291,"column":3}},"102":{"start":{"line":290,"column":4},"end":{"line":290,"column":59}},"103":{"start":{"line":293,"column":2},"end":{"line":293,"column":25}},"104":{"start":{"line":301,"column":18},"end":{"line":301,"column":28}},"105":{"start":{"line":303,"column":2},"end":{"line":305,"column":3}},"106":{"start":{"line":304,"column":4},"end":{"line":304,"column":54}},"107":{"start":{"line":307,"column":2},"end":{"line":309,"column":3}},"108":{"start":{"line":308,"column":4},"end":{"line":308,"column":73}},"109":{"start":{"line":311,"column":2},"end":{"line":313,"column":3}},"110":{"start":{"line":312,"column":4},"end":{"line":312,"column":75}},"111":{"start":{"line":315,"column":2},"end":{"line":315,"column":25}},"112":{"start":{"line":330,"column":2},"end":{"line":335,"column":3}},"113":{"start":{"line":331,"column":19},"end":{"line":331,"column":47}},"114":{"start":{"line":332,"column":4},"end":{"line":334,"column":5}},"115":{"start":{"line":333,"column":6},"end":{"line":333,"column":20}},"116":{"start":{"line":337,"column":2},"end":{"line":337,"column":25}},"117":{"start":{"line":344,"column":13},"end":{"line":363,"column":2}},"118":{"start":{"line":365,"column":0},"end":{"line":365,"column":26}}},"fnMap":{"0":{"name":"sanitizeText","decl":{"start":{"line":23,"column":16},"end":{"line":23,"column":28}},"loc":{"start":{"line":23,"column":42},"end":{"line":32,"column":1}}},"1":{"name":"sanitizeEmail","decl":{"start":{"line":37,"column":16},"end":{"line":37,"column":29}},"loc":{"start":{"line":37,"column":43},"end":{"line":40,"column":1}}},"2":{"name":"sanitizeName","decl":{"start":{"line":45,"column":16},"end":{"line":45,"column":28}},"loc":{"start":{"line":45,"column":41},"end":{"line":52,"column":1}}},"3":{"name":"sanitizeDigits","decl":{"start":{"line":57,"column":16},"end":{"line":57,"column":30}},"loc":{"start":{"line":57,"column":64},"end":{"line":61,"column":1}}},"4":{"name":"validateEmail","decl":{"start":{"line":74,"column":16},"end":{"line":74,"column":29}},"loc":{"start":{"line":74,"column":43},"end":{"line":90,"column":1}}},"5":{"name":"validatePassword","decl":{"start":{"line":104,"column":16},"end":{"line":104,"column":32}},"loc":{"start":{"line":104,"column":49},"end":{"line":130,"column":1}}},"6":{"name":"validatePasswordConfirm","decl":{"start":{"line":135,"column":16},"end":{"line":135,"column":39}},"loc":{"start":{"line":137,"column":17},"end":{"line":148,"column":1}}},"7":{"name":"validateName","decl":{"start":{"line":154,"column":16},"end":{"line":154,"column":28}},"loc":{"start":{"line":154,"column":61},"end":{"line":175,"column":1}}},"8":{"name":"validateVerificationCode","decl":{"start":{"line":181,"column":16},"end":{"line":181,"column":40}},"loc":{"start":{"line":181,"column":53},"end":{"line":193,"column":1}}},"9":{"name":"validateRequired","decl":{"start":{"line":199,"column":16},"end":{"line":199,"column":32}},"loc":{"start":{"line":199,"column":72},"end":{"line":207,"column":1}}},"10":{"name":"validateAge","decl":{"start":{"line":213,"column":16},"end":{"line":213,"column":27}},"loc":{"start":{"line":213,"column":48},"end":{"line":229,"column":1}}},"11":{"name":"validateGender","decl":{"start":{"line":237,"column":16},"end":{"line":237,"column":30}},"loc":{"start":{"line":237,"column":45},"end":{"line":247,"column":1}}},"12":{"name":"validateRelationshipStatus","decl":{"start":{"line":262,"column":16},"end":{"line":262,"column":42}},"loc":{"start":{"line":262,"column":57},"end":{"line":272,"column":1}}},"13":{"name":"validateLocation","decl":{"start":{"line":278,"column":16},"end":{"line":278,"column":32}},"loc":{"start":{"line":278,"column":49},"end":{"line":294,"column":1}}},"14":{"name":"validateBio","decl":{"start":{"line":300,"column":16},"end":{"line":300,"column":27}},"loc":{"start":{"line":300,"column":39},"end":{"line":316,"column":1}}},"15":{"name":"validateForm","decl":{"start":{"line":326,"column":16},"end":{"line":326,"column":28}},"loc":{"start":{"line":328,"column":62},"end":{"line":338,"column":1}}}},"branchMap":{"0":{"loc":{"start":{"line":24,"column":2},"end":{"line":24,"column":53}},"type":"if","locations":[{"start":{"line":24,"column":2},"end":{"line":24,"column":53}},{"start":{},"end":{}}]},"1":{"loc":{"start":{"line":24,"column":6},"end":{"line":24,"column":41}},"type":"binary-expr","locations":[{"start":{"line":24,"column":6},"end":{"line":24,"column":12}},{"start":{"line":24,"column":16},"end":{"line":24,"column":41}}]},"2":{"loc":{"start":{"line":38,"column":2},"end":{"line":38,"column":53}},"type":"if","locations":[{"start":{"line":38,"column":2},"end":{"line":38,"column":53}},{"start":{},"end":{}}]},"3":{"loc":{"start":{"line":38,"column":6},"end":{"line":38,"column":41}},"type":"binary-expr","locations":[{"start":{"line":38,"column":6},"end":{"line":38,"column":12}},{"start":{"line":38,"column":16},"end":{"line":38,"column":41}}]},"4":{"loc":{"start":{"line":46,"column":2},"end":{"line":46,"column":51}},"type":"if","locations":[{"start":{"line":46,"column":2},"end":{"line":46,"column":51}},{"start":{},"end":{}}]},"5":{"loc":{"start":{"line":46,"column":6},"end":{"line":46,"column":39}},"type":"binary-expr","locations":[{"start":{"line":46,"column":6},"end":{"line":46,"column":11}},{"start":{"line":46,"column":15},"end":{"line":46,"column":39}}]},"6":{"loc":{"start":{"line":58,"column":2},"end":{"line":58,"column":53}},"type":"if","locations":[{"start":{"line":58,"column":2},"end":{"line":58,"column":53}},{"start":{},"end":{}}]},"7":{"loc":{"start":{"line":58,"column":6},"end":{"line":58,"column":41}},"type":"binary-expr","locations":[{"start":{"line":58,"column":6},"end":{"line":58,"column":12}},{"start":{"line":58,"column":16},"end":{"line":58,"column":41}}]},"8":{"loc":{"start":{"line":60,"column":9},"end":{"line":60,"column":56}},"type":"cond-expr","locations":[{"start":{"line":60,"column":21},"end":{"line":60,"column":47}},{"start":{"line":60,"column":50},"end":{"line":60,"column":56}}]},"9":{"loc":{"start":{"line":77,"column":2},"end":{"line":79,"column":3}},"type":"if","locations":[{"start":{"line":77,"column":2},"end":{"line":79,"column":3}},{"start":{},"end":{}}]},"10":{"loc":{"start":{"line":81,"column":2},"end":{"line":83,"column":3}},"type":"if","locations":[{"start":{"line":81,"column":2},"end":{"line":83,"column":3}},{"start":{},"end":{}}]},"11":{"loc":{"start":{"line":85,"column":2},"end":{"line":87,"column":3}},"type":"if","locations":[{"start":{"line":85,"column":2},"end":{"line":87,"column":3}},{"start":{},"end":{}}]},"12":{"loc":{"start":{"line":105,"column":2},"end":{"line":107,"column":3}},"type":"if","locations":[{"start":{"line":105,"column":2},"end":{"line":107,"column":3}},{"start":{},"end":{}}]},"13":{"loc":{"start":{"line":109,"column":2},"end":{"line":111,"column":3}},"type":"if","locations":[{"start":{"line":109,"column":2},"end":{"line":111,"column":3}},{"start":{},"end":{}}]},"14":{"loc":{"start":{"line":113,"column":2},"end":{"line":115,"column":3}},"type":"if","locations":[{"start":{"line":113,"column":2},"end":{"line":115,"column":3}},{"start":{},"end":{}}]},"15":{"loc":{"start":{"line":117,"column":2},"end":{"line":119,"column":3}},"type":"if","locations":[{"start":{"line":117,"column":2},"end":{"line":119,"column":3}},{"start":{},"end":{}}]},"16":{"loc":{"start":{"line":121,"column":2},"end":{"line":123,"column":3}},"type":"if","locations":[{"start":{"line":121,"column":2},"end":{"line":123,"column":3}},{"start":{},"end":{}}]},"17":{"loc":{"start":{"line":125,"column":2},"end":{"line":127,"column":3}},"type":"if","locations":[{"start":{"line":125,"column":2},"end":{"line":127,"column":3}},{"start":{},"end":{}}]},"18":{"loc":{"start":{"line":139,"column":2},"end":{"line":141,"column":3}},"type":"if","locations":[{"start":{"line":139,"column":2},"end":{"line":141,"column":3}},{"start":{},"end":{}}]},"19":{"loc":{"start":{"line":143,"column":2},"end":{"line":145,"column":3}},"type":"if","locations":[{"start":{"line":143,"column":2},"end":{"line":145,"column":3}},{"start":{},"end":{}}]},"20":{"loc":{"start":{"line":154,"column":43},"end":{"line":154,"column":61}},"type":"default-arg","locations":[{"start":{"line":154,"column":55},"end":{"line":154,"column":61}}]},"21":{"loc":{"start":{"line":157,"column":2},"end":{"line":159,"column":3}},"type":"if","locations":[{"start":{"line":157,"column":2},"end":{"line":159,"column":3}},{"start":{},"end":{}}]},"22":{"loc":{"start":{"line":161,"column":2},"end":{"line":163,"column":3}},"type":"if","locations":[{"start":{"line":161,"column":2},"end":{"line":163,"column":3}},{"start":{},"end":{}}]},"23":{"loc":{"start":{"line":165,"column":2},"end":{"line":167,"column":3}},"type":"if","locations":[{"start":{"line":165,"column":2},"end":{"line":167,"column":3}},{"start":{},"end":{}}]},"24":{"loc":{"start":{"line":170,"column":2},"end":{"line":172,"column":3}},"type":"if","locations":[{"start":{"line":170,"column":2},"end":{"line":172,"column":3}},{"start":{},"end":{}}]},"25":{"loc":{"start":{"line":184,"column":2},"end":{"line":186,"column":3}},"type":"if","locations":[{"start":{"line":184,"column":2},"end":{"line":186,"column":3}},{"start":{},"end":{}}]},"26":{"loc":{"start":{"line":188,"column":2},"end":{"line":190,"column":3}},"type":"if","locations":[{"start":{"line":188,"column":2},"end":{"line":190,"column":3}},{"start":{},"end":{}}]},"27":{"loc":{"start":{"line":199,"column":48},"end":{"line":199,"column":72}},"type":"default-arg","locations":[{"start":{"line":199,"column":60},"end":{"line":199,"column":72}}]},"28":{"loc":{"start":{"line":202,"column":2},"end":{"line":204,"column":3}},"type":"if","locations":[{"start":{"line":202,"column":2},"end":{"line":204,"column":3}},{"start":{},"end":{}}]},"29":{"loc":{"start":{"line":214,"column":17},"end":{"line":214,"column":66}},"type":"cond-expr","locations":[{"start":{"line":214,"column":43},"end":{"line":214,"column":60}},{"start":{"line":214,"column":63},"end":{"line":214,"column":66}}]},"30":{"loc":{"start":{"line":216,"column":2},"end":{"line":218,"column":3}},"type":"if","locations":[{"start":{"line":216,"column":2},"end":{"line":218,"column":3}},{"start":{},"end":{}}]},"31":{"loc":{"start":{"line":220,"column":2},"end":{"line":222,"column":3}},"type":"if","locations":[{"start":{"line":220,"column":2},"end":{"line":222,"column":3}},{"start":{},"end":{}}]},"32":{"loc":{"start":{"line":224,"column":2},"end":{"line":226,"column":3}},"type":"if","locations":[{"start":{"line":224,"column":2},"end":{"line":226,"column":3}},{"start":{},"end":{}}]},"33":{"loc":{"start":{"line":238,"column":2},"end":{"line":240,"column":3}},"type":"if","locations":[{"start":{"line":238,"column":2},"end":{"line":240,"column":3}},{"start":{},"end":{}}]},"34":{"loc":{"start":{"line":242,"column":2},"end":{"line":244,"column":3}},"type":"if","locations":[{"start":{"line":242,"column":2},"end":{"line":244,"column":3}},{"start":{},"end":{}}]},"35":{"loc":{"start":{"line":263,"column":2},"end":{"line":265,"column":3}},"type":"if","locations":[{"start":{"line":263,"column":2},"end":{"line":265,"column":3}},{"start":{},"end":{}}]},"36":{"loc":{"start":{"line":267,"column":2},"end":{"line":269,"column":3}},"type":"if","locations":[{"start":{"line":267,"column":2},"end":{"line":269,"column":3}},{"start":{},"end":{}}]},"37":{"loc":{"start":{"line":281,"column":2},"end":{"line":283,"column":3}},"type":"if","locations":[{"start":{"line":281,"column":2},"end":{"line":283,"column":3}},{"start":{},"end":{}}]},"38":{"loc":{"start":{"line":285,"column":2},"end":{"line":287,"column":3}},"type":"if","locations":[{"start":{"line":285,"column":2},"end":{"line":287,"column":3}},{"start":{},"end":{}}]},"39":{"loc":{"start":{"line":289,"column":2},"end":{"line":291,"column":3}},"type":"if","locations":[{"start":{"line":289,"column":2},"end":{"line":291,"column":3}},{"start":{},"end":{}}]},"40":{"loc":{"start":{"line":303,"column":2},"end":{"line":305,"column":3}},"type":"if","locations":[{"start":{"line":303,"column":2},"end":{"line":305,"column":3}},{"start":{},"end":{}}]},"41":{"loc":{"start":{"line":307,"column":2},"end":{"line":309,"column":3}},"type":"if","locations":[{"start":{"line":307,"column":2},"end":{"line":309,"column":3}},{"start":{},"end":{}}]},"42":{"loc":{"start":{"line":311,"column":2},"end":{"line":313,"column":3}},"type":"if","locations":[{"start":{"line":311,"column":2},"end":{"line":313,"column":3}},{"start":{},"end":{}}]},"43":{"loc":{"start":{"line":332,"column":4},"end":{"line":334,"column":5}},"type":"if","locations":[{"start":{"line":332,"column":4},"end":{"line":334,"column":5}},{"start":{},"end":{}}]}},"s":{"0":2,"1":2,"2":2,"3":2,"4":2,"5":2,"6":2,"7":2,"8":2,"9":2,"10":2,"11":2,"12":2,"13":2,"14":2,"15":2,"16":22,"17":6,"18":16,"19":10,"20":4,"21":6,"22":13,"23":1,"24":12,"25":9,"26":2,"27":7,"28":7,"29":2,"30":18,"31":18,"32":2,"33":16,"34":7,"35":9,"36":1,"37":8,"38":18,"39":2,"40":16,"41":2,"42":14,"43":3,"44":11,"45":2,"46":9,"47":2,"48":7,"49":2,"50":5,"51":3,"52":1,"53":2,"54":1,"55":1,"56":16,"57":16,"58":3,"59":13,"60":2,"61":11,"62":0,"63":11,"64":4,"65":7,"66":14,"67":14,"68":2,"69":12,"70":7,"71":5,"72":0,"73":0,"74":0,"75":0,"76":15,"77":15,"78":2,"79":13,"80":2,"81":11,"82":2,"83":9,"84":2,"85":0,"86":0,"87":0,"88":0,"89":0,"90":2,"91":0,"92":0,"93":0,"94":0,"95":0,"96":0,"97":0,"98":0,"99":0,"100":0,"101":0,"102":0,"103":0,"104":0,"105":0,"106":0,"107":0,"108":0,"109":0,"110":0,"111":0,"112":0,"113":0,"114":0,"115":0,"116":0,"117":2,"118":2},"f":{"0":22,"1":10,"2":13,"3":9,"4":18,"5":18,"6":3,"7":16,"8":14,"9":0,"10":15,"11":0,"12":0,"13":0,"14":0,"15":0},"b":{"0":[6,16],"1":[22,16],"2":[4,6],"3":[10,6],"4":[1,12],"5":[13,12],"6":[2,7],"7":[9,7],"8":[2,5],"9":[2,16],"10":[7,9],"11":[1,8],"12":[2,16],"13":[2,14],"14":[3,11],"15":[2,9],"16":[2,7],"17":[2,5],"18":[1,2],"19":[1,1],"20":[15],"21":[3,13],"22":[2,11],"23":[0,11],"24":[4,7],"25":[2,12],"26":[7,5],"27":[0],"28":[0,0],"29":[5,10],"30":[2,13],"31":[2,11],"32":[2,9],"33":[0,0],"34":[0,0],"35":[0,0],"36":[0,0],"37":[0,0],"38":[0,0],"39":[0,0],"40":[0,0],"41":[0,0],"42":[0,0],"43":[0,0]}}
}
