{"/Users/rodericandrews/_PAI/projects/abby/src/shaders/morphWrapper.ts": {"path":"/Users/rodericandrews/_PAI/projects/abby/src/shaders/morphWrapper.ts","statementMap":{"0":{"start":{"line":100,"column":0},"end":{"line":100,"column":16}},"1":{"start":{"line":15,"column":30},"end":{"line":86,"column":2}},"2":{"start":{"line":89,"column":23},"end":{"line":92,"column":2}},"3":{"start":{"line":106,"column":24},"end":{"line":106,"column":72}},"4":{"start":{"line":107,"column":16},"end":{"line":107,"column":49}},"5":{"start":{"line":109,"column":2},"end":{"line":112,"column":3}},"6":{"start":{"line":110,"column":4},"end":{"line":110,"column":76}},"7":{"start":{"line":111,"column":4},"end":{"line":111,"column":24}},"8":{"start":{"line":116,"column":25},"end":{"line":116,"column":66}},"9":{"start":{"line":117,"column":20},"end":{"line":117,"column":54}},"10":{"start":{"line":118,"column":21},"end":{"line":118,"column":52}},"11":{"start":{"line":120,"column":25},"end":{"line":120,"column":36}},"12":{"start":{"line":123,"column":26},"end":{"line":123,"column":63}},"13":{"start":{"line":124,"column":24},"end":{"line":124,"column":58}},"14":{"start":{"line":128,"column":25},"end":{"line":131,"column":17}},"15":{"start":{"line":138,"column":20},"end":{"line":138,"column":34}},"16":{"start":{"line":141,"column":2},"end":{"line":146,"column":4}},"17":{"start":{"line":149,"column":2},"end":{"line":154,"column":4}},"18":{"start":{"line":157,"column":2},"end":{"line":162,"column":4}},"19":{"start":{"line":164,"column":2},"end":{"line":164,"column":21}},"20":{"start":{"line":170,"column":13},"end":{"line":173,"column":2}},"21":{"start":{"line":175,"column":0},"end":{"line":175,"column":29}}},"fnMap":{"0":{"name":"wrapWithMorph","decl":{"start":{"line":100,"column":16},"end":{"line":100,"column":29}},"loc":{"start":{"line":100,"column":50},"end":{"line":165,"column":1}}}},"branchMap":{"0":{"loc":{"start":{"line":109,"column":2},"end":{"line":112,"column":3}},"type":"if","locations":[{"start":{"line":109,"column":2},"end":{"line":112,"column":3}},{"start":{},"end":{}}]},"1":{"loc":{"start":{"line":109,"column":6},"end":{"line":109,"column":41}},"type":"binary-expr","locations":[{"start":{"line":109,"column":6},"end":{"line":109,"column":12}},{"start":{"line":109,"column":16},"end":{"line":109,"column":41}}]},"2":{"loc":{"start":{"line":118,"column":21},"end":{"line":118,"column":52}},"type":"cond-expr","locations":[{"start":{"line":118,"column":33},"end":{"line":118,"column":45}},{"start":{"line":118,"column":48},"end":{"line":118,"column":52}}]}},"s":{"0":1,"1":1,"2":1,"3":3,"4":3,"5":3,"6":1,"7":1,"8":2,"9":2,"10":2,"11":2,"12":2,"13":2,"14":2,"15":2,"16":2,"17":2,"18":2,"19":2,"20":1,"21":1},"f":{"0":3},"b":{"0":[1,2],"1":[3,2],"2":[2,0]}}
}
