TN:
SF:src/constants/backgroundMap.ts
FN:16,(anonymous_0)
FN:24,(anonymous_1)
FN:35,(anonymous_2)
FNF:3
FNH:3
FNDA:1,(anonymous_0)
FNDA:19,(anonymous_1)
FNDA:19,(anonymous_2)
DA:8,1
DA:10,1
DA:16,1
DA:17,1
DA:18,1
DA:24,19
DA:29,1
DA:34,1
DA:35,19
LF:9
LH:9
BRF:0
BRH:0
end_of_record
TN:
SF:src/shaders/morphWrapper.ts
FN:100,wrapWithMorph
FNF:1
FNH:1
FNDA:3,wrapWithMorph
DA:15,1
DA:89,1
DA:100,1
DA:106,3
DA:107,3
DA:109,3
DA:110,1
DA:111,1
DA:116,2
DA:117,2
DA:118,2
DA:120,2
DA:123,2
DA:124,2
DA:128,2
DA:138,2
DA:141,2
DA:149,2
DA:157,2
DA:164,2
DA:170,1
DA:175,1
LF:22
LH:22
BRDA:109,0,0,1
BRDA:109,0,1,2
BRDA:109,1,0,3
BRDA:109,1,1,2
BRDA:110,2,0,0
BRDA:110,2,1,1
BRDA:110,3,0,1
BRDA:110,3,1,0
BRDA:118,4,0,2
BRDA:118,4,1,0
BRF:10
BRH:7
end_of_record
TN:
SF:src/shaders/factory/index.ts
FN:71,rgbToGlsl
FN:76,generateColorConstants
FN:78,(anonymous_2)
FN:83,generateUniforms
FN:102,generateVignette
FN:114,generateMain
FN:147,createShader
FN:191,wrapShaderSource
FN:197,(anonymous_8)
FN:197,(anonymous_9)
FNF:10
FNH:7
FNDA:99,rgbToGlsl
FNDA:67,generateColorConstants
FNDA:99,(anonymous_2)
FNDA:67,generateUniforms
FNDA:67,generateVignette
FNDA:67,generateMain
FNDA:67,createShader
FNDA:0,wrapShaderSource
FNDA:0,(anonymous_8)
FNDA:0,(anonymous_9)
DA:20,3
DA:21,3
DA:24,3
DA:25,3
DA:26,3
DA:27,3
DA:28,3
DA:29,3
DA:30,3
DA:31,3
DA:32,3
DA:33,3
DA:34,3
DA:35,3
DA:36,3
DA:37,3
DA:38,3
DA:39,3
DA:40,3
DA:41,3
DA:42,3
DA:48,3
DA:72,99
DA:77,67
DA:78,99
DA:84,67
DA:90,67
DA:91,8
DA:98,67
DA:103,67
DA:104,67
DA:119,67
DA:121,67
DA:147,3
DA:148,67
DA:149,67
DA:150,0
DA:154,67
DA:155,67
DA:156,67
DA:157,67
DA:158,67
DA:162,67
DA:165,67
DA:185,67
DA:191,3
DA:192,0
DA:197,3
LF:48
LH:46
BRDA:90,0,0,8
BRDA:90,0,1,59
BRDA:102,1,0,49
BRDA:119,2,0,67
BRDA:119,2,1,0
BRDA:149,3,0,0
BRDA:149,3,1,67
BRDA:162,4,0,67
BRDA:162,4,1,61
BRDA:176,5,0,6
BRDA:176,5,1,61
BRF:11
BRH:9
end_of_record
TN:
SF:src/shaders/factory/noise.ts
FN:174,getNoiseCode
FNF:1
FNH:1
FNDA:67,getNoiseCode
DA:12,3
DA:71,3
DA:97,3
DA:124,3
DA:148,3
DA:174,3
DA:175,67
DA:177,43
DA:179,15
DA:181,9
DA:183,0
LF:11
LH:10
BRDA:175,0,0,43
BRDA:175,0,1,15
BRDA:175,0,2,9
BRDA:175,0,3,0
BRF:4
BRH:3
end_of_record
TN:
SF:src/shaders/factory/presets.ts
FNF:0
FNH:0
DA:10,3
DA:27,3
DA:40,3
DA:60,3
DA:80,3
DA:99,3
DA:119,3
DA:139,3
DA:159,3
DA:171,3
DA:183,3
DA:195,3
DA:207,3
DA:219,3
DA:231,3
DA:243,3
DA:255,3
DA:267,3
DA:279,3
DA:291,3
DA:314,3
LF:21
LH:21
BRF:0
BRH:0
end_of_record
TN:
SF:src/shaders/factory/registryV2.ts
FN:47,getShaderSource
FN:66,createEntry
FN:108,getShaderById
FN:118,getShaderByName
FN:119,(anonymous_4)
FN:126,getAllShaders
FN:160,createCustomShader
FN:175,getShaderConfig
FN:182,(anonymous_8)
FN:183,(anonymous_9)
FN:183,(anonymous_10)
FNF:11
FNH:4
FNDA:57,getShaderSource
FNDA:57,createEntry
FNDA:9,getShaderById
FNDA:0,getShaderByName
FNDA:0,(anonymous_4)
FNDA:7,getAllShaders
FNDA:0,createCustomShader
FNDA:0,getShaderConfig
FNDA:0,(anonymous_8)
FNDA:0,(anonymous_9)
FNDA:0,(anonymous_10)
DA:23,3
DA:24,3
DA:42,3
DA:48,57
DA:49,0
DA:52,57
DA:53,57
DA:55,0
DA:58,57
DA:59,57
DA:60,57
DA:67,57
DA:81,3
DA:108,3
DA:109,9
DA:110,9
DA:118,3
DA:119,0
DA:120,0
DA:126,3
DA:127,7
DA:134,3
DA:160,3
DA:161,0
DA:175,3
DA:176,0
DA:179,3
DA:182,3
DA:183,3
LF:29
LH:23
BRDA:48,0,0,0
BRDA:48,0,1,57
BRDA:53,1,0,0
BRDA:53,1,1,57
BRDA:110,2,0,9
BRDA:110,2,1,2
BRDA:120,3,0,0
BRDA:120,3,1,0
BRF:8
BRH:4
end_of_record
TN:
SF:src/shaders/factory/types.ts
FNF:0
FNH:0
DA:118,3
DA:126,3
LF:2
LH:2
BRF:0
BRH:0
end_of_record
TN:
SF:src/shaders/factory/effects/auroraCurtains.ts
FNF:0
FNH:0
DA:7,3
LF:1
LH:1
BRF:0
BRH:0
end_of_record
TN:
SF:src/shaders/factory/effects/auroraSpirals.ts
FNF:0
FNH:0
DA:9,3
LF:1
LH:1
BRF:0
BRH:0
end_of_record
TN:
SF:src/shaders/factory/effects/breathingNebula.ts
FNF:0
FNH:0
DA:7,3
LF:1
LH:1
BRF:0
BRH:0
end_of_record
TN:
SF:src/shaders/factory/effects/cellular.ts
FNF:0
FNH:0
DA:9,3
LF:1
LH:1
BRF:0
BRH:0
end_of_record
TN:
SF:src/shaders/factory/effects/cellularMembrane.ts
FNF:0
FNH:0
DA:7,3
LF:1
LH:1
BRF:0
BRH:0
end_of_record
TN:
SF:src/shaders/factory/effects/chromaticBloom.ts
FNF:0
FNH:0
DA:9,3
LF:1
LH:1
BRF:0
BRH:0
end_of_record
TN:
SF:src/shaders/factory/effects/crystalline.ts
FNF:0
FNH:0
DA:7,3
LF:1
LH:1
BRF:0
BRH:0
end_of_record
TN:
SF:src/shaders/factory/effects/domainWarp.ts
FNF:0
FNH:0
DA:9,3
LF:1
LH:1
BRF:0
BRH:0
end_of_record
TN:
SF:src/shaders/factory/effects/domainWarpTiedye.ts
FNF:0
FNH:0
DA:9,3
LF:1
LH:1
BRF:0
BRH:0
end_of_record
TN:
SF:src/shaders/factory/effects/flowingStreams.ts
FNF:0
FNH:0
DA:9,3
LF:1
LH:1
BRF:0
BRH:0
end_of_record
TN:
SF:src/shaders/factory/effects/inkBloom.ts
FNF:0
FNH:0
DA:7,3
LF:1
LH:1
BRF:0
BRH:0
end_of_record
TN:
SF:src/shaders/factory/effects/kaleidoscope.ts
FNF:0
FNH:0
DA:9,3
LF:1
LH:1
BRF:0
BRH:0
end_of_record
TN:
SF:src/shaders/factory/effects/layeredOrbs.ts
FNF:0
FNH:0
DA:7,3
LF:1
LH:1
BRF:0
BRH:0
end_of_record
TN:
SF:src/shaders/factory/effects/liquidMarble.ts
FNF:0
FNH:0
DA:9,3
LF:1
LH:1
BRF:0
BRH:0
end_of_record
TN:
SF:src/shaders/factory/effects/magneticField.ts
FNF:0
FNH:0
DA:7,3
LF:1
LH:1
BRF:0
BRH:0
end_of_record
TN:
SF:src/shaders/factory/effects/metaballs.ts
FNF:0
FNH:0
DA:7,3
LF:1
LH:1
BRF:0
BRH:0
end_of_record
TN:
SF:src/shaders/factory/effects/multiSwirl.ts
FNF:0
FNH:0
DA:9,3
LF:1
LH:1
BRF:0
BRH:0
end_of_record
TN:
SF:src/shaders/factory/effects/radialFlow.ts
FNF:0
FNH:0
DA:7,3
LF:1
LH:1
BRF:0
BRH:0
end_of_record
TN:
SF:src/shaders/factory/effects/stippled.ts
FNF:0
FNH:0
DA:7,3
LF:1
LH:1
BRF:0
BRH:0
end_of_record
TN:
SF:src/utils/validation.ts
FN:23,sanitizeText
FN:37,sanitizeEmail
FN:45,sanitizeName
FN:57,sanitizeDigits
FN:74,validateEmail
FN:104,validatePassword
FN:135,validatePasswordConfirm
FN:154,validateName
FN:181,validateVerificationCode
FN:199,validateRequired
FN:213,validateAge
FN:237,validateGender
FN:262,validateRelationshipStatus
FN:278,validateLocation
FN:300,validateBio
FN:326,validateForm
FNF:16
FNH:10
FNDA:22,sanitizeText
FNDA:10,sanitizeEmail
FNDA:13,sanitizeName
FNDA:9,sanitizeDigits
FNDA:18,validateEmail
FNDA:18,validatePassword
FNDA:3,validatePasswordConfirm
FNDA:16,validateName
FNDA:14,validateVerificationCode
FNDA:0,validateRequired
FNDA:15,validateAge
FNDA:0,validateGender
FNDA:0,validateRelationshipStatus
FNDA:0,validateLocation
FNDA:0,validateBio
FNDA:0,validateForm
DA:23,2
DA:24,22
DA:26,16
DA:37,2
DA:38,10
DA:39,6
DA:45,2
DA:46,13
DA:47,12
DA:57,2
DA:58,9
DA:59,7
DA:60,7
DA:72,2
DA:74,2
DA:75,18
DA:77,18
DA:78,2
DA:81,16
DA:82,7
DA:85,9
DA:86,1
DA:89,8
DA:104,2
DA:105,18
DA:106,2
DA:109,16
DA:110,2
DA:113,14
DA:114,3
DA:117,11
DA:118,2
DA:121,9
DA:122,2
DA:125,7
DA:126,2
DA:129,5
DA:135,2
DA:139,3
DA:140,1
DA:143,2
DA:144,1
DA:147,1
DA:154,2
DA:155,16
DA:157,16
DA:158,3
DA:161,13
DA:162,2
DA:165,11
DA:166,0
DA:170,11
DA:171,4
DA:174,7
DA:181,2
DA:182,14
DA:184,14
DA:185,2
DA:188,12
DA:189,7
DA:192,5
DA:199,2
DA:200,0
DA:202,0
DA:203,0
DA:206,0
DA:213,2
DA:214,15
DA:216,15
DA:217,2
DA:220,13
DA:221,2
DA:224,11
DA:225,2
DA:228,9
DA:235,2
DA:237,2
DA:238,0
DA:239,0
DA:242,0
DA:243,0
DA:246,0
DA:253,2
DA:262,2
DA:263,0
DA:264,0
DA:267,0
DA:268,0
DA:271,0
DA:278,2
DA:279,0
DA:281,0
DA:282,0
DA:285,0
DA:286,0
DA:289,0
DA:290,0
DA:293,0
DA:300,2
DA:301,0
DA:303,0
DA:304,0
DA:307,0
DA:308,0
DA:311,0
DA:312,0
DA:315,0
DA:326,2
DA:330,0
DA:331,0
DA:332,0
DA:333,0
DA:337,0
DA:344,2
DA:365,2
LF:115
LH:79
BRDA:24,0,0,6
BRDA:24,0,1,16
BRDA:24,1,0,22
BRDA:24,1,1,16
BRDA:38,2,0,4
BRDA:38,2,1,6
BRDA:38,3,0,10
BRDA:38,3,1,6
BRDA:46,4,0,1
BRDA:46,4,1,12
BRDA:46,5,0,13
BRDA:46,5,1,12
BRDA:58,6,0,2
BRDA:58,6,1,7
BRDA:58,7,0,9
BRDA:58,7,1,7
BRDA:60,8,0,2
BRDA:60,8,1,5
BRDA:77,9,0,2
BRDA:77,9,1,16
BRDA:81,10,0,7
BRDA:81,10,1,9
BRDA:85,11,0,1
BRDA:85,11,1,8
BRDA:105,12,0,2
BRDA:105,12,1,16
BRDA:109,13,0,2
BRDA:109,13,1,14
BRDA:113,14,0,3
BRDA:113,14,1,11
BRDA:117,15,0,2
BRDA:117,15,1,9
BRDA:121,16,0,2
BRDA:121,16,1,7
BRDA:125,17,0,2
BRDA:125,17,1,5
BRDA:139,18,0,1
BRDA:139,18,1,2
BRDA:143,19,0,1
BRDA:143,19,1,1
BRDA:154,20,0,15
BRDA:157,21,0,3
BRDA:157,21,1,13
BRDA:161,22,0,2
BRDA:161,22,1,11
BRDA:165,23,0,0
BRDA:165,23,1,11
BRDA:170,24,0,4
BRDA:170,24,1,7
BRDA:184,25,0,2
BRDA:184,25,1,12
BRDA:188,26,0,7
BRDA:188,26,1,5
BRDA:199,27,0,0
BRDA:202,28,0,0
BRDA:202,28,1,0
BRDA:214,29,0,5
BRDA:214,29,1,10
BRDA:216,30,0,2
BRDA:216,30,1,13
BRDA:220,31,0,2
BRDA:220,31,1,11
BRDA:224,32,0,2
BRDA:224,32,1,9
BRDA:238,33,0,0
BRDA:238,33,1,0
BRDA:242,34,0,0
BRDA:242,34,1,0
BRDA:263,35,0,0
BRDA:263,35,1,0
BRDA:267,36,0,0
BRDA:267,36,1,0
BRDA:281,37,0,0
BRDA:281,37,1,0
BRDA:285,38,0,0
BRDA:285,38,1,0
BRDA:289,39,0,0
BRDA:289,39,1,0
BRDA:303,40,0,0
BRDA:303,40,1,0
BRDA:307,41,0,0
BRDA:307,41,1,0
BRDA:311,42,0,0
BRDA:311,42,1,0
BRDA:332,43,0,0
BRDA:332,43,1,0
BRF:86
BRH:60
end_of_record
